<?xml version="1.0" encoding="UTF-8"?>
<TestRun id="a68ace2b-1fc9-4fa2-bf50-70a7bc941138" name="Paul@LUCIDITYPC 2014-09-09 10:34:04" runUser="LucidityPc\Paul" xmlns="http://microsoft.com/schemas/VisualStudio/TeamTest/2010">
  <TestSettings name="Local" id="0ee2c309-c848-4e01-858f-39ebbd0da8aa">
    <Description>These are default test settings for a local test run.</Description>
    <Deployment enabled="false" runDeploymentRoot="Paul_LUCIDITYPC 2014-09-09 10_34_04">
      <DeploymentItem filename="C:\Code\BusBookingSystem\packages\mongocsharpdriver.1.9.2\lib\net35\MongoDB.Bson.dll" />
      <DeploymentItem filename="C:\Code\BusBookingSystem\packages\mongocsharpdriver.1.9.2\lib\net35\MongoDB.Driver.dll" />
      <DeploymentItem filename="C:\Code\BusBookingSystem\BusBookingSystem.Data\bin\Debug\BusBookingSystem.Data.dll" />
      <DeploymentItem filename="C:\Code\BusBookingSystem\BusBookingSystem.Domain\bin\Debug\BusBookingSystem.Domain.dll" />
      <DeploymentItem filename="C:\Code\BusBookingSystem\packages\Ninject.3.2.2.0\lib\net40\Ninject.dll" />
    </Deployment>
    <Execution>
      <TestTypeSpecific />
      <AgentRule name="Execution Agents">
      </AgentRule>
    </Execution>
  </TestSettings>
  <Times creation="2014-09-09T10:34:04.4537824+01:00" queuing="2014-09-09T10:34:04.4938116+01:00" start="2014-09-09T10:34:04.4988160+01:00" finish="2014-09-09T10:34:04.9881604+01:00" />
  <ResultSummary outcome="Completed">
    <Counters total="1" executed="1" passed="1" error="0" failed="0" timeout="0" aborted="0" inconclusive="0" passedButRunAborted="0" notRunnable="0" notExecuted="0" disconnected="0" warning="0" completed="0" inProgress="0" pending="0" />
  </ResultSummary>
  <TestDefinitions>
    <UnitTest name="CanGetBusses" storage="c:\code\busbookingsystem\busbookingsystem.data.tests\bin\debug\busbookingsystem.data.tests.dll" id="6894f59a-dbe5-a5cf-e884-f6c79b427ddb">
      <Execution id="9713a252-b8d1-4e72-a780-0bd8e489bd1d" />
      <TestMethod codeBase="C:/Code/BusBookingSystem/BusBookingSystem.Data.Tests/bin/Debug/BusBookingSystem.Data.Tests.DLL" adapterTypeName="Microsoft.VisualStudio.TestTools.TestTypes.Unit.UnitTestAdapter, Microsoft.VisualStudio.QualityTools.Tips.UnitTest.Adapter, Version=10.0.0.0, Culture=neutral, PublicKeyToken=b03f5f7f11d50a3a" className="BusBookingSystem.Data.Tests.BusTests, BusBookingSystem.Data.Tests, Version=1.0.0.0, Culture=neutral, PublicKeyToken=null" name="CanGetBusses" />
    </UnitTest>
  </TestDefinitions>
  <TestLists>
    <TestList name="Results Not in a List" id="8c84fa94-04c1-424b-9868-57a2d4851a1d" />
    <TestList name="All Loaded Results" id="19431567-8539-422a-85d7-44ee4e166bda" />
  </TestLists>
  <TestEntries>
    <TestEntry testId="6894f59a-dbe5-a5cf-e884-f6c79b427ddb" executionId="9713a252-b8d1-4e72-a780-0bd8e489bd1d" testListId="8c84fa94-04c1-424b-9868-57a2d4851a1d" />
  </TestEntries>
  <Results>
    <UnitTestResult executionId="9713a252-b8d1-4e72-a780-0bd8e489bd1d" testId="6894f59a-dbe5-a5cf-e884-f6c79b427ddb" testName="CanGetBusses" computerName="LUCIDITYPC" duration="00:00:00.3098781" startTime="2014-09-09T10:34:04.5028175+01:00" endTime="2014-09-09T10:34:04.9741650+01:00" testType="13cdc9d9-ddb5-4fa4-a97d-d965ccfc6d4b" outcome="Passed" testListId="8c84fa94-04c1-424b-9868-57a2d4851a1d" relativeResultsDirectory="9713a252-b8d1-4e72-a780-0bd8e489bd1d">
    </UnitTestResult>
  </Results>
</TestRun>