<?xml version="1.0" encoding="UTF-8"?>
<TestRun id="c6ef5832-1bc0-4fcc-afaf-21d5a5581d43" name="Paul@LUCIDITYPC 2014-09-09 11:16:43" runUser="LucidityPc\Paul" xmlns="http://microsoft.com/schemas/VisualStudio/TeamTest/2010">
  <TestSettings name="Local" id="0ee2c309-c848-4e01-858f-39ebbd0da8aa">
    <Description>These are default test settings for a local test run.</Description>
    <Deployment enabled="false" runDeploymentRoot="Paul_LUCIDITYPC 2014-09-09 11_16_43">
      <DeploymentItem filename="C:\Code\BusBookingSystem\packages\mongocsharpdriver.1.9.2\lib\net35\MongoDB.Bson.dll" />
      <DeploymentItem filename="C:\Code\BusBookingSystem\packages\mongocsharpdriver.1.9.2\lib\net35\MongoDB.Driver.dll" />
      <DeploymentItem filename="C:\Code\BusBookingSystem\BusBookingSystem.Data\bin\Debug\BusBookingSystem.Data.dll" />
      <DeploymentItem filename="C:\Code\BusBookingSystem\BusBookingSystem.Domain\bin\Debug\BusBookingSystem.Domain.dll" />
      <DeploymentItem filename="C:\Code\BusBookingSystem\packages\Ninject.3.2.2.0\lib\net40\Ninject.dll" />
    </Deployment>
    <Execution>
      <TestTypeSpecific />
      <AgentRule name="Execution Agents">
      </AgentRule>
    </Execution>
  </TestSettings>
  <Times creation="2014-09-09T11:16:43.3987118+01:00" queuing="2014-09-09T11:16:44.1883143+01:00" start="2014-09-09T11:16:44.2583638+01:00" finish="2014-09-09T11:16:50.1215598+01:00" />
  <ResultSummary outcome="Completed">
    <Counters total="1" executed="1" passed="1" error="0" failed="0" timeout="0" aborted="0" inconclusive="0" passedButRunAborted="0" notRunnable="0" notExecuted="0" disconnected="0" warning="0" completed="0" inProgress="0" pending="0" />
  </ResultSummary>
  <TestDefinitions>
    <UnitTest name="CanMakeBooking" storage="c:\code\busbookingsystem\busbookingsystem.data.tests\bin\debug\busbookingsystem.data.tests.dll" id="844e24e6-5ef2-86a5-0ff5-b3572b80bdb9">
      <Execution id="fa2dc430-e6fb-41db-a3e7-44715e508ac3" />
      <TestMethod codeBase="C:/Code/BusBookingSystem/BusBookingSystem.Data.Tests/bin/Debug/BusBookingSystem.Data.Tests.DLL" adapterTypeName="Microsoft.VisualStudio.TestTools.TestTypes.Unit.UnitTestAdapter, Microsoft.VisualStudio.QualityTools.Tips.UnitTest.Adapter, Version=10.0.0.0, Culture=neutral, PublicKeyToken=b03f5f7f11d50a3a" className="BusBookingSystem.Data.Tests.BookingTests, BusBookingSystem.Data.Tests, Version=1.0.0.0, Culture=neutral, PublicKeyToken=null" name="CanMakeBooking" />
    </UnitTest>
  </TestDefinitions>
  <TestLists>
    <TestList name="Results Not in a List" id="8c84fa94-04c1-424b-9868-57a2d4851a1d" />
    <TestList name="All Loaded Results" id="19431567-8539-422a-85d7-44ee4e166bda" />
  </TestLists>
  <TestEntries>
    <TestEntry testId="844e24e6-5ef2-86a5-0ff5-b3572b80bdb9" executionId="fa2dc430-e6fb-41db-a3e7-44715e508ac3" testListId="8c84fa94-04c1-424b-9868-57a2d4851a1d" />
  </TestEntries>
  <Results>
    <UnitTestResult executionId="fa2dc430-e6fb-41db-a3e7-44715e508ac3" testId="844e24e6-5ef2-86a5-0ff5-b3572b80bdb9" testName="CanMakeBooking" computerName="LUCIDITYPC" duration="00:00:05.3235450" startTime="2014-09-09T11:16:44.3274131+01:00" endTime="2014-09-09T11:16:50.0665208+01:00" testType="13cdc9d9-ddb5-4fa4-a97d-d965ccfc6d4b" outcome="Passed" testListId="8c84fa94-04c1-424b-9868-57a2d4851a1d" relativeResultsDirectory="fa2dc430-e6fb-41db-a3e7-44715e508ac3">
    </UnitTestResult>
  </Results>
</TestRun>